{"/Users/kanhakamboj/Desktop/Desktop/Projects/Forescout-bloging-app/src/App.tsx": {"path":"/Users/kanhakamboj/Desktop/Desktop/Projects/Forescout-bloging-app/src/App.tsx","statementMap":{"0":{"start":{"line":6,"column":2},"end":{"line":11,"column":4}}},"fnMap":{"0":{"name":"App","decl":{"start":{"line":5,"column":9},"end":{"line":5,"column":12}},"loc":{"start":{"line":5,"column":15},"end":{"line":12,"column":1}},"line":5}},"branchMap":{},"s":{"0":1},"f":{"0":1},"b":{},"_coverageSchema":"1a1c01bbd47fc00a2c39e90264f33305004495a9","hash":"a0bcc8204b5d95131def4eeed0eaa525e58b7763"}
,"/Users/kanhakamboj/Desktop/Desktop/Projects/Forescout-bloging-app/src/config.ts": {"path":"/Users/kanhakamboj/Desktop/Desktop/Projects/Forescout-bloging-app/src/config.ts","statementMap":{},"fnMap":{},"branchMap":{},"s":{},"f":{},"b":{},"_coverageSchema":"1a1c01bbd47fc00a2c39e90264f33305004495a9","hash":"2ffbe95307ac4bff4a9cf0a5626e18cb91d4eefa"}
,"/Users/kanhakamboj/Desktop/Desktop/Projects/Forescout-bloging-app/src/react-app-env.d.ts": {"path":"/Users/kanhakamboj/Desktop/Desktop/Projects/Forescout-bloging-app/src/react-app-env.d.ts","statementMap":{},"fnMap":{},"branchMap":{},"s":{},"f":{},"b":{}}
,"/Users/kanhakamboj/Desktop/Desktop/Projects/Forescout-bloging-app/src/api/axios-api.ts": {"path":"/Users/kanhakamboj/Desktop/Desktop/Projects/Forescout-bloging-app/src/api/axios-api.ts","statementMap":{},"fnMap":{},"branchMap":{},"s":{},"f":{},"b":{},"_coverageSchema":"1a1c01bbd47fc00a2c39e90264f33305004495a9","hash":"32e06b012c380782c5c658e40a10d34f3b238dde"}
,"/Users/kanhakamboj/Desktop/Desktop/Projects/Forescout-bloging-app/src/components/index.ts": {"path":"/Users/kanhakamboj/Desktop/Desktop/Projects/Forescout-bloging-app/src/components/index.ts","statementMap":{},"fnMap":{},"branchMap":{},"s":{},"f":{},"b":{},"_coverageSchema":"1a1c01bbd47fc00a2c39e90264f33305004495a9","hash":"e6eaf88ea4589cae6019bee645097546e3a8188f"}
,"/Users/kanhakamboj/Desktop/Desktop/Projects/Forescout-bloging-app/src/components/blogs/add-new-comments.tsx": {"path":"/Users/kanhakamboj/Desktop/Desktop/Projects/Forescout-bloging-app/src/components/blogs/add-new-comments.tsx","statementMap":{"0":{"start":{"line":17,"column":55},"end":{"line":60,"column":1}},"1":{"start":{"line":19,"column":48},"end":{"line":19,"column":60}},"2":{"start":{"line":21,"column":25},"end":{"line":29,"column":5}},"3":{"start":{"line":24,"column":23},"end":{"line":24,"column":42}},"4":{"start":{"line":26,"column":27},"end":{"line":26,"column":41}},"5":{"start":{"line":28,"column":8},"end":{"line":28,"column":38}},"6":{"start":{"line":31,"column":31},"end":{"line":48,"column":5}},"7":{"start":{"line":32,"column":8},"end":{"line":46,"column":9}},"8":{"start":{"line":34,"column":12},"end":{"line":37,"column":13}},"9":{"start":{"line":35,"column":16},"end":{"line":35,"column":49}},"10":{"start":{"line":36,"column":16},"end":{"line":36,"column":23}},"11":{"start":{"line":40,"column":12},"end":{"line":40,"column":94}},"12":{"start":{"line":43,"column":12},"end":{"line":43,"column":46}},"13":{"start":{"line":45,"column":12},"end":{"line":45,"column":32}},"14":{"start":{"line":50,"column":4},"end":{"line":59,"column":11}}},"fnMap":{"0":{"name":"(anonymous_0)","decl":{"start":{"line":17,"column":55},"end":{"line":17,"column":56}},"loc":{"start":{"line":17,"column":118},"end":{"line":60,"column":1}},"line":17},"1":{"name":"(anonymous_1)","decl":{"start":{"line":21,"column":25},"end":{"line":21,"column":26}},"loc":{"start":{"line":21,"column":43},"end":{"line":29,"column":5}},"line":21},"2":{"name":"(anonymous_2)","decl":{"start":{"line":31,"column":31},"end":{"line":31,"column":32}},"loc":{"start":{"line":31,"column":37},"end":{"line":48,"column":5}},"line":31}},"branchMap":{"0":{"loc":{"start":{"line":34,"column":12},"end":{"line":37,"column":13}},"type":"if","locations":[{"start":{"line":34,"column":12},"end":{"line":37,"column":13}},{"start":{},"end":{}}],"line":34}},"s":{"0":5,"1":3,"2":3,"3":2,"4":0,"5":0,"6":3,"7":1,"8":1,"9":1,"10":1,"11":0,"12":0,"13":0,"14":3},"f":{"0":3,"1":2,"2":1},"b":{"0":[1,0]},"_coverageSchema":"1a1c01bbd47fc00a2c39e90264f33305004495a9","hash":"bc6930827d64ce69a7c83cdf7ca49ff76e5770f5"}
,"/Users/kanhakamboj/Desktop/Desktop/Projects/Forescout-bloging-app/src/components/blogs/blog-comment.tsx": {"path":"/Users/kanhakamboj/Desktop/Desktop/Projects/Forescout-bloging-app/src/components/blogs/blog-comment.tsx","statementMap":{"0":{"start":{"line":15,"column":55},"end":{"line":24,"column":1}},"1":{"start":{"line":17,"column":4},"end":{"line":23,"column":25}}},"fnMap":{"0":{"name":"(anonymous_0)","decl":{"start":{"line":15,"column":55},"end":{"line":15,"column":56}},"loc":{"start":{"line":15,"column":86},"end":{"line":24,"column":1}},"line":15}},"branchMap":{},"s":{"0":6,"1":2},"f":{"0":2},"b":{},"_coverageSchema":"1a1c01bbd47fc00a2c39e90264f33305004495a9","hash":"bb4e0b66c3634c9d535c5732d0a87d230cf1be85"}
,"/Users/kanhakamboj/Desktop/Desktop/Projects/Forescout-bloging-app/src/components/blogs/blog-comments.tsx": {"path":"/Users/kanhakamboj/Desktop/Desktop/Projects/Forescout-bloging-app/src/components/blogs/blog-comments.tsx","statementMap":{"0":{"start":{"line":16,"column":51},"end":{"line":26,"column":1}},"1":{"start":{"line":18,"column":35},"end":{"line":18,"column":50}},"2":{"start":{"line":21,"column":25},"end":{"line":21,"column":51}},"3":{"start":{"line":23,"column":4},"end":{"line":25,"column":16}},"4":{"start":{"line":24,"column":68},"end":{"line":24,"column":118}}},"fnMap":{"0":{"name":"(anonymous_0)","decl":{"start":{"line":16,"column":51},"end":{"line":16,"column":52}},"loc":{"start":{"line":16,"column":81},"end":{"line":26,"column":1}},"line":16},"1":{"name":"(anonymous_1)","decl":{"start":{"line":24,"column":57},"end":{"line":24,"column":58}},"loc":{"start":{"line":24,"column":68},"end":{"line":24,"column":118}},"line":24}},"branchMap":{"0":{"loc":{"start":{"line":24,"column":9},"end":{"line":24,"column":200}},"type":"cond-expr","locations":[{"start":{"line":24,"column":34},"end":{"line":24,"column":119}},{"start":{"line":24,"column":122},"end":{"line":24,"column":200}}],"line":24}},"s":{"0":5,"1":3,"2":3,"3":3,"4":0},"f":{"0":3,"1":0},"b":{"0":[0,3]},"_coverageSchema":"1a1c01bbd47fc00a2c39e90264f33305004495a9","hash":"34725faff9981f38fded719f2f3dd0d0f652f6c8"}
,"/Users/kanhakamboj/Desktop/Desktop/Projects/Forescout-bloging-app/src/components/blogs/blog-details.tsx": {"path":"/Users/kanhakamboj/Desktop/Desktop/Projects/Forescout-bloging-app/src/components/blogs/blog-details.tsx","statementMap":{"0":{"start":{"line":35,"column":31},"end":{"line":92,"column":1}},"1":{"start":{"line":37,"column":66},"end":{"line":37,"column":90}},"2":{"start":{"line":40,"column":23},"end":{"line":40,"column":42}},"3":{"start":{"line":43,"column":39},"end":{"line":43,"column":64}},"4":{"start":{"line":46,"column":25},"end":{"line":46,"column":54}},"5":{"start":{"line":49,"column":35},"end":{"line":49,"column":50}},"6":{"start":{"line":51,"column":44},"end":{"line":51,"column":101}},"7":{"start":{"line":51,"column":50},"end":{"line":51,"column":101}},"8":{"start":{"line":51,"column":90},"end":{"line":51,"column":100}},"9":{"start":{"line":53,"column":4},"end":{"line":91,"column":5}}},"fnMap":{"0":{"name":"(anonymous_0)","decl":{"start":{"line":35,"column":31},"end":{"line":35,"column":32}},"loc":{"start":{"line":35,"column":51},"end":{"line":92,"column":1}},"line":35},"1":{"name":"(anonymous_1)","decl":{"start":{"line":51,"column":44},"end":{"line":51,"column":45}},"loc":{"start":{"line":51,"column":50},"end":{"line":51,"column":101}},"line":51},"2":{"name":"(anonymous_2)","decl":{"start":{"line":51,"column":77},"end":{"line":51,"column":78}},"loc":{"start":{"line":51,"column":90},"end":{"line":51,"column":100}},"line":51}},"branchMap":{"0":{"loc":{"start":{"line":81,"column":29},"end":{"line":81,"column":88}},"type":"binary-expr","locations":[{"start":{"line":81,"column":29},"end":{"line":81,"column":37}},{"start":{"line":81,"column":41},"end":{"line":81,"column":88}}],"line":81},"1":{"loc":{"start":{"line":82,"column":29},"end":{"line":82,"column":189}},"type":"binary-expr","locations":[{"start":{"line":82,"column":29},"end":{"line":82,"column":74}},{"start":{"line":82,"column":78},"end":{"line":82,"column":189}}],"line":82},"2":{"loc":{"start":{"line":86,"column":17},"end":{"line":88,"column":40}},"type":"binary-expr","locations":[{"start":{"line":86,"column":17},"end":{"line":86,"column":40}},{"start":{"line":86,"column":44},"end":{"line":88,"column":40}}],"line":86}},"s":{"0":4,"1":4,"2":3,"3":3,"4":3,"5":3,"6":3,"7":0,"8":0,"9":3},"f":{"0":4,"1":0,"2":0},"b":{"0":[3,2],"1":[3,0],"2":[3,0]},"_coverageSchema":"1a1c01bbd47fc00a2c39e90264f33305004495a9","hash":"0e2461aab41af59fe302db278bbb2a6a7a9e62f9"}
,"/Users/kanhakamboj/Desktop/Desktop/Projects/Forescout-bloging-app/src/components/blogs/blogs-list.tsx": {"path":"/Users/kanhakamboj/Desktop/Desktop/Projects/Forescout-bloging-app/src/components/blogs/blogs-list.tsx","statementMap":{"0":{"start":{"line":23,"column":29},"end":{"line":75,"column":1}},"1":{"start":{"line":24,"column":21},"end":{"line":24,"column":34}},"2":{"start":{"line":27,"column":40},"end":{"line":27,"column":53}},"3":{"start":{"line":30,"column":29},"end":{"line":32,"column":5}},"4":{"start":{"line":31,"column":8},"end":{"line":31,"column":55}},"5":{"start":{"line":34,"column":4},"end":{"line":74,"column":41}},"6":{"start":{"line":37,"column":43},"end":{"line":72,"column":23}},"7":{"start":{"line":45,"column":35},"end":{"line":45,"column":60}},"8":{"start":{"line":52,"column":71},"end":{"line":58,"column":31}}},"fnMap":{"0":{"name":"(anonymous_0)","decl":{"start":{"line":23,"column":29},"end":{"line":23,"column":30}},"loc":{"start":{"line":23,"column":49},"end":{"line":75,"column":1}},"line":23},"1":{"name":"(anonymous_1)","decl":{"start":{"line":30,"column":29},"end":{"line":30,"column":30}},"loc":{"start":{"line":30,"column":49},"end":{"line":32,"column":5}},"line":30},"2":{"name":"(anonymous_2)","decl":{"start":{"line":37,"column":35},"end":{"line":37,"column":36}},"loc":{"start":{"line":37,"column":43},"end":{"line":72,"column":23}},"line":37},"3":{"name":"(anonymous_3)","decl":{"start":{"line":45,"column":29},"end":{"line":45,"column":30}},"loc":{"start":{"line":45,"column":35},"end":{"line":45,"column":60}},"line":45},"4":{"name":"(anonymous_4)","decl":{"start":{"line":52,"column":39},"end":{"line":52,"column":40}},"loc":{"start":{"line":52,"column":71},"end":{"line":58,"column":31}},"line":52}},"branchMap":{"0":{"loc":{"start":{"line":37,"column":18},"end":{"line":37,"column":29}},"type":"binary-expr","locations":[{"start":{"line":37,"column":18},"end":{"line":37,"column":23}},{"start":{"line":37,"column":27},"end":{"line":37,"column":29}}],"line":37}},"s":{"0":4,"1":5,"2":5,"3":5,"4":1,"5":5,"6":3,"7":1,"8":6},"f":{"0":5,"1":1,"2":3,"3":1,"4":6},"b":{"0":[5,2]},"_coverageSchema":"1a1c01bbd47fc00a2c39e90264f33305004495a9","hash":"2c30ecfcabaa2ba335b6e95f9887b8c828124a71"}
,"/Users/kanhakamboj/Desktop/Desktop/Projects/Forescout-bloging-app/src/components/blogs/common-types.ts": {"path":"/Users/kanhakamboj/Desktop/Desktop/Projects/Forescout-bloging-app/src/components/blogs/common-types.ts","statementMap":{},"fnMap":{},"branchMap":{},"s":{},"f":{},"b":{}}
,"/Users/kanhakamboj/Desktop/Desktop/Projects/Forescout-bloging-app/src/components/blogs/style.ts": {"path":"/Users/kanhakamboj/Desktop/Desktop/Projects/Forescout-bloging-app/src/components/blogs/style.ts","statementMap":{"0":{"start":{"line":3,"column":39},"end":{"line":9,"column":1}},"1":{"start":{"line":11,"column":28},"end":{"line":19,"column":1}},"2":{"start":{"line":21,"column":22},"end":{"line":35,"column":1}},"3":{"start":{"line":37,"column":29},"end":{"line":43,"column":1}},"4":{"start":{"line":45,"column":29},"end":{"line":51,"column":1}},"5":{"start":{"line":53,"column":44},"end":{"line":59,"column":1}},"6":{"start":{"line":61,"column":31},"end":{"line":67,"column":1}},"7":{"start":{"line":69,"column":21},"end":{"line":72,"column":1}},"8":{"start":{"line":74,"column":32},"end":{"line":77,"column":1}},"9":{"start":{"line":79,"column":34},"end":{"line":82,"column":1}},"10":{"start":{"line":84,"column":34},"end":{"line":89,"column":1}},"11":{"start":{"line":91,"column":31},"end":{"line":94,"column":1}},"12":{"start":{"line":96,"column":38},"end":{"line":98,"column":1}},"13":{"start":{"line":100,"column":20},"end":{"line":103,"column":1}},"14":{"start":{"line":105,"column":27},"end":{"line":108,"column":1}},"15":{"start":{"line":110,"column":24},"end":{"line":112,"column":1}},"16":{"start":{"line":114,"column":37},"end":{"line":119,"column":1}},"17":{"start":{"line":121,"column":37},"end":{"line":127,"column":1}}},"fnMap":{},"branchMap":{},"s":{"0":7,"1":7,"2":7,"3":7,"4":7,"5":7,"6":7,"7":7,"8":7,"9":7,"10":7,"11":7,"12":7,"13":7,"14":7,"15":7,"16":7,"17":7},"f":{},"b":{},"_coverageSchema":"1a1c01bbd47fc00a2c39e90264f33305004495a9","hash":"4bee93934e5e8f2e4d40cc058957e6e9637a11e1"}
,"/Users/kanhakamboj/Desktop/Desktop/Projects/Forescout-bloging-app/src/components/blogs/tests/fixture/mock-data.ts": {"path":"/Users/kanhakamboj/Desktop/Desktop/Projects/Forescout-bloging-app/src/components/blogs/tests/fixture/mock-data.ts","statementMap":{"0":{"start":{"line":1,"column":27},"end":{"line":9,"column":1}},"1":{"start":{"line":11,"column":24},"end":{"line":18,"column":1}},"2":{"start":{"line":20,"column":32},"end":{"line":23,"column":1}}},"fnMap":{},"branchMap":{},"s":{"0":2,"1":2,"2":2},"f":{},"b":{},"_coverageSchema":"1a1c01bbd47fc00a2c39e90264f33305004495a9","hash":"db063d163fd6e5b9e9f4273258d2bce8f98b9fff"}
,"/Users/kanhakamboj/Desktop/Desktop/Projects/Forescout-bloging-app/src/components/header/header.tsx": {"path":"/Users/kanhakamboj/Desktop/Desktop/Projects/Forescout-bloging-app/src/components/header/header.tsx","statementMap":{"0":{"start":{"line":10,"column":26},"end":{"line":34,"column":1}},"1":{"start":{"line":11,"column":30},"end":{"line":11,"column":45}},"2":{"start":{"line":14,"column":25},"end":{"line":24,"column":5}},"3":{"start":{"line":17,"column":23},"end":{"line":17,"column":42}},"4":{"start":{"line":19,"column":26},"end":{"line":19,"column":40}},"5":{"start":{"line":22,"column":8},"end":{"line":22,"column":33}},"6":{"start":{"line":26,"column":4},"end":{"line":33,"column":22}}},"fnMap":{"0":{"name":"(anonymous_0)","decl":{"start":{"line":10,"column":26},"end":{"line":10,"column":27}},"loc":{"start":{"line":10,"column":46},"end":{"line":34,"column":1}},"line":10},"1":{"name":"(anonymous_1)","decl":{"start":{"line":14,"column":25},"end":{"line":14,"column":26}},"loc":{"start":{"line":14,"column":43},"end":{"line":24,"column":5}},"line":14}},"branchMap":{},"s":{"0":4,"1":3,"2":3,"3":1,"4":0,"5":0,"6":3},"f":{"0":3,"1":1},"b":{},"_coverageSchema":"1a1c01bbd47fc00a2c39e90264f33305004495a9","hash":"965e8702d8ef2993ff042cfddfdba2d5787fac3e"}
,"/Users/kanhakamboj/Desktop/Desktop/Projects/Forescout-bloging-app/src/components/header/style.ts": {"path":"/Users/kanhakamboj/Desktop/Desktop/Projects/Forescout-bloging-app/src/components/header/style.ts","statementMap":{"0":{"start":{"line":3,"column":31},"end":{"line":10,"column":1}},"1":{"start":{"line":12,"column":33},"end":{"line":18,"column":1}},"2":{"start":{"line":20,"column":30},"end":{"line":25,"column":1}},"3":{"start":{"line":27,"column":23},"end":{"line":32,"column":1}}},"fnMap":{},"branchMap":{},"s":{"0":6,"1":6,"2":6,"3":6},"f":{},"b":{},"_coverageSchema":"1a1c01bbd47fc00a2c39e90264f33305004495a9","hash":"1e689492efdb13f3dceed6f5747c88ca9faddf64"}
,"/Users/kanhakamboj/Desktop/Desktop/Projects/Forescout-bloging-app/src/components/shared-comonents/index.ts": {"path":"/Users/kanhakamboj/Desktop/Desktop/Projects/Forescout-bloging-app/src/components/shared-comonents/index.ts","statementMap":{},"fnMap":{},"branchMap":{},"s":{},"f":{},"b":{},"_coverageSchema":"1a1c01bbd47fc00a2c39e90264f33305004495a9","hash":"bbd1a90405ccdedc5e0ea6463fd55d9ce74af997"}
,"/Users/kanhakamboj/Desktop/Desktop/Projects/Forescout-bloging-app/src/components/shared-comonents/handle-loading-empty-error-state/handle-loading-empty-error-state.tsx": {"path":"/Users/kanhakamboj/Desktop/Desktop/Projects/Forescout-bloging-app/src/components/shared-comonents/handle-loading-empty-error-state/handle-loading-empty-error-state.tsx","statementMap":{"0":{"start":{"line":21,"column":83},"end":{"line":40,"column":1}},"1":{"start":{"line":27,"column":4},"end":{"line":27,"column":85}},"2":{"start":{"line":27,"column":19},"end":{"line":27,"column":85}},"3":{"start":{"line":29,"column":4},"end":{"line":31,"column":5}},"4":{"start":{"line":30,"column":8},"end":{"line":30,"column":115}},"5":{"start":{"line":33,"column":4},"end":{"line":35,"column":5}},"6":{"start":{"line":34,"column":8},"end":{"line":34,"column":106}},"7":{"start":{"line":37,"column":4},"end":{"line":39,"column":16}}},"fnMap":{"0":{"name":"(anonymous_0)","decl":{"start":{"line":21,"column":83},"end":{"line":21,"column":84}},"loc":{"start":{"line":25,"column":30},"end":{"line":40,"column":1}},"line":25}},"branchMap":{"0":{"loc":{"start":{"line":27,"column":4},"end":{"line":27,"column":85}},"type":"if","locations":[{"start":{"line":27,"column":4},"end":{"line":27,"column":85}},{"start":{},"end":{}}],"line":27},"1":{"loc":{"start":{"line":29,"column":4},"end":{"line":31,"column":5}},"type":"if","locations":[{"start":{"line":29,"column":4},"end":{"line":31,"column":5}},{"start":{},"end":{}}],"line":29},"2":{"loc":{"start":{"line":33,"column":4},"end":{"line":35,"column":5}},"type":"if","locations":[{"start":{"line":33,"column":4},"end":{"line":35,"column":5}},{"start":{},"end":{}}],"line":33}},"s":{"0":8,"1":9,"2":3,"3":6,"4":0,"5":6,"6":0,"7":6},"f":{"0":9},"b":{"0":[3,6],"1":[0,6],"2":[0,6]},"_coverageSchema":"1a1c01bbd47fc00a2c39e90264f33305004495a9","hash":"80bd4745f68488cb991ae49bb0c74e86f5a5a479"}
,"/Users/kanhakamboj/Desktop/Desktop/Projects/Forescout-bloging-app/src/components/shared-comonents/pagination/pagination.tsx": {"path":"/Users/kanhakamboj/Desktop/Desktop/Projects/Forescout-bloging-app/src/components/shared-comonents/pagination/pagination.tsx","statementMap":{"0":{"start":{"line":17,"column":55},"end":{"line":48,"column":1}},"1":{"start":{"line":19,"column":83},"end":{"line":19,"column":98}},"2":{"start":{"line":22,"column":23},"end":{"line":22,"column":87}},"3":{"start":{"line":25,"column":22},"end":{"line":25,"column":65}},"4":{"start":{"line":28,"column":28},"end":{"line":32,"column":5}},"5":{"start":{"line":29,"column":26},"end":{"line":29,"column":55}},"6":{"start":{"line":31,"column":8},"end":{"line":31,"column":88}},"7":{"start":{"line":34,"column":4},"end":{"line":47,"column":26}}},"fnMap":{"0":{"name":"(anonymous_0)","decl":{"start":{"line":17,"column":55},"end":{"line":17,"column":56}},"loc":{"start":{"line":17,"column":97},"end":{"line":48,"column":1}},"line":17},"1":{"name":"(anonymous_1)","decl":{"start":{"line":28,"column":28},"end":{"line":28,"column":29}},"loc":{"start":{"line":28,"column":44},"end":{"line":32,"column":5}},"line":28}},"branchMap":{"0":{"loc":{"start":{"line":22,"column":33},"end":{"line":22,"column":86}},"type":"cond-expr","locations":[{"start":{"line":22,"column":55},"end":{"line":22,"column":65}},{"start":{"line":22,"column":68},"end":{"line":22,"column":86}}],"line":22},"1":{"loc":{"start":{"line":31,"column":8},"end":{"line":31,"column":87}},"type":"cond-expr","locations":[{"start":{"line":31,"column":30},"end":{"line":31,"column":53}},{"start":{"line":31,"column":56},"end":{"line":31,"column":87}}],"line":31}},"s":{"0":8,"1":2,"2":2,"3":2,"4":2,"5":0,"6":0,"7":2},"f":{"0":2,"1":0},"b":{"0":[2,0],"1":[0,0]},"_coverageSchema":"1a1c01bbd47fc00a2c39e90264f33305004495a9","hash":"a387277e1d3719e9b541b47918b2fc6eb3f45280"}
,"/Users/kanhakamboj/Desktop/Desktop/Projects/Forescout-bloging-app/src/components/shared-comonents/pagination/style.ts": {"path":"/Users/kanhakamboj/Desktop/Desktop/Projects/Forescout-bloging-app/src/components/shared-comonents/pagination/style.ts","statementMap":{"0":{"start":{"line":3,"column":33},"end":{"line":31,"column":1}}},"fnMap":{},"branchMap":{},"s":{"0":8},"f":{},"b":{},"_coverageSchema":"1a1c01bbd47fc00a2c39e90264f33305004495a9","hash":"82cb7682d28faaf2132f70a98f00a71ca078924b"}
,"/Users/kanhakamboj/Desktop/Desktop/Projects/Forescout-bloging-app/src/components/shared-comonents/styled-components/button/button.ts": {"path":"/Users/kanhakamboj/Desktop/Desktop/Projects/Forescout-bloging-app/src/components/shared-comonents/styled-components/button/button.ts","statementMap":{"0":{"start":{"line":6,"column":22},"end":{"line":17,"column":1}},"1":{"start":{"line":7,"column":44},"end":{"line":7,"column":59}}},"fnMap":{"0":{"name":"(anonymous_0)","decl":{"start":{"line":7,"column":19},"end":{"line":7,"column":20}},"loc":{"start":{"line":7,"column":44},"end":{"line":7,"column":59}},"line":7}},"branchMap":{},"s":{"0":7,"1":8},"f":{"0":8},"b":{},"_coverageSchema":"1a1c01bbd47fc00a2c39e90264f33305004495a9","hash":"4a1b1ee0f1b6a2582d59664524e940e9c9f2cec4"}
,"/Users/kanhakamboj/Desktop/Desktop/Projects/Forescout-bloging-app/src/components/shared-comonents/styled-components/card/card.tsx": {"path":"/Users/kanhakamboj/Desktop/Desktop/Projects/Forescout-bloging-app/src/components/shared-comonents/styled-components/card/card.tsx","statementMap":{"0":{"start":{"line":11,"column":20},"end":{"line":23,"column":1}},"1":{"start":{"line":12,"column":23},"end":{"line":12,"column":28}},"2":{"start":{"line":13,"column":25},"end":{"line":13,"column":31}},"3":{"start":{"line":14,"column":44},"end":{"line":14,"column":59}},"4":{"start":{"line":17,"column":35},"end":{"line":17,"column":72}},"5":{"start":{"line":22,"column":27},"end":{"line":22,"column":34}}},"fnMap":{"0":{"name":"(anonymous_0)","decl":{"start":{"line":12,"column":8},"end":{"line":12,"column":9}},"loc":{"start":{"line":12,"column":23},"end":{"line":12,"column":28}},"line":12},"1":{"name":"(anonymous_1)","decl":{"start":{"line":13,"column":9},"end":{"line":13,"column":10}},"loc":{"start":{"line":13,"column":25},"end":{"line":13,"column":31}},"line":13},"2":{"name":"(anonymous_2)","decl":{"start":{"line":14,"column":19},"end":{"line":14,"column":20}},"loc":{"start":{"line":14,"column":44},"end":{"line":14,"column":59}},"line":14},"3":{"name":"(anonymous_3)","decl":{"start":{"line":17,"column":12},"end":{"line":17,"column":13}},"loc":{"start":{"line":17,"column":35},"end":{"line":17,"column":72}},"line":17},"4":{"name":"(anonymous_4)","decl":{"start":{"line":22,"column":10},"end":{"line":22,"column":11}},"loc":{"start":{"line":22,"column":27},"end":{"line":22,"column":34}},"line":22}},"branchMap":{"0":{"loc":{"start":{"line":17,"column":35},"end":{"line":17,"column":72}},"type":"cond-expr","locations":[{"start":{"line":17,"column":51},"end":{"line":17,"column":64}},{"start":{"line":17,"column":67},"end":{"line":17,"column":72}}],"line":17}},"s":{"0":7,"1":14,"2":14,"3":14,"4":14,"5":14},"f":{"0":14,"1":14,"2":14,"3":14,"4":14},"b":{"0":[0,14]},"_coverageSchema":"1a1c01bbd47fc00a2c39e90264f33305004495a9","hash":"564d41b55a42fd326d2b0d2e64b71853615983f0"}
,"/Users/kanhakamboj/Desktop/Desktop/Projects/Forescout-bloging-app/src/components/shared-comonents/styled-components/empty-or-error/empty-or-error.ts": {"path":"/Users/kanhakamboj/Desktop/Desktop/Projects/Forescout-bloging-app/src/components/shared-comonents/styled-components/empty-or-error/empty-or-error.ts","statementMap":{"0":{"start":{"line":7,"column":28},"end":{"line":14,"column":1}},"1":{"start":{"line":8,"column":29},"end":{"line":8,"column":54}},"2":{"start":{"line":10,"column":27},"end":{"line":10,"column":48}}},"fnMap":{"0":{"name":"(anonymous_0)","decl":{"start":{"line":8,"column":13},"end":{"line":8,"column":14}},"loc":{"start":{"line":8,"column":29},"end":{"line":8,"column":54}},"line":8},"1":{"name":"(anonymous_1)","decl":{"start":{"line":10,"column":12},"end":{"line":10,"column":13}},"loc":{"start":{"line":10,"column":27},"end":{"line":10,"column":48}},"line":10}},"branchMap":{"0":{"loc":{"start":{"line":8,"column":29},"end":{"line":8,"column":54}},"type":"cond-expr","locations":[{"start":{"line":8,"column":38},"end":{"line":8,"column":44}},{"start":{"line":8,"column":47},"end":{"line":8,"column":54}}],"line":8},"1":{"loc":{"start":{"line":10,"column":27},"end":{"line":10,"column":48}},"type":"cond-expr","locations":[{"start":{"line":10,"column":35},"end":{"line":10,"column":40}},{"start":{"line":10,"column":43},"end":{"line":10,"column":48}}],"line":10}},"s":{"0":8,"1":3,"2":3},"f":{"0":3,"1":3},"b":{"0":[3,0],"1":[3,0]},"_coverageSchema":"1a1c01bbd47fc00a2c39e90264f33305004495a9","hash":"db28be03a2063d363b50da18a2e04240bc4022e9"}
,"/Users/kanhakamboj/Desktop/Desktop/Projects/Forescout-bloging-app/src/components/shared-comonents/styled-components/loding/loading.ts": {"path":"/Users/kanhakamboj/Desktop/Desktop/Projects/Forescout-bloging-app/src/components/shared-comonents/styled-components/loding/loading.ts","statementMap":{"0":{"start":{"line":3,"column":23},"end":{"line":9,"column":1}}},"fnMap":{},"branchMap":{},"s":{"0":8},"f":{},"b":{},"_coverageSchema":"1a1c01bbd47fc00a2c39e90264f33305004495a9","hash":"ee5190a435f4b6741b587dcd6fc091c45d9ddbce"}
,"/Users/kanhakamboj/Desktop/Desktop/Projects/Forescout-bloging-app/src/custom-hooks/index.ts": {"path":"/Users/kanhakamboj/Desktop/Desktop/Projects/Forescout-bloging-app/src/custom-hooks/index.ts","statementMap":{},"fnMap":{},"branchMap":{},"s":{},"f":{},"b":{},"_coverageSchema":"1a1c01bbd47fc00a2c39e90264f33305004495a9","hash":"885e48c09dc768a02ea03e8bd6e1b155cc6e5815"}
,"/Users/kanhakamboj/Desktop/Desktop/Projects/Forescout-bloging-app/src/custom-hooks/use-get-blog-comments.ts": {"path":"/Users/kanhakamboj/Desktop/Desktop/Projects/Forescout-bloging-app/src/custom-hooks/use-get-blog-comments.ts","statementMap":{"0":{"start":{"line":35,"column":34},"end":{"line":50,"column":1}},"1":{"start":{"line":37,"column":57},"end":{"line":37,"column":72}},"2":{"start":{"line":39,"column":39},"end":{"line":47,"column":5}},"3":{"start":{"line":41,"column":25},"end":{"line":41,"column":148}},"4":{"start":{"line":43,"column":8},"end":{"line":43,"column":42}},"5":{"start":{"line":45,"column":8},"end":{"line":45,"column":20}},"6":{"start":{"line":49,"column":4},"end":{"line":49,"column":82}}},"fnMap":{"0":{"name":"(anonymous_0)","decl":{"start":{"line":35,"column":34},"end":{"line":35,"column":35}},"loc":{"start":{"line":35,"column":79},"end":{"line":50,"column":1}},"line":35},"1":{"name":"(anonymous_1)","decl":{"start":{"line":39,"column":98},"end":{"line":39,"column":99}},"loc":{"start":{"line":39,"column":110},"end":{"line":46,"column":5}},"line":39}},"branchMap":{},"s":{"0":6,"1":3,"2":3,"3":1,"4":0,"5":0,"6":3},"f":{"0":3,"1":1},"b":{},"_coverageSchema":"1a1c01bbd47fc00a2c39e90264f33305004495a9","hash":"79c7dfb3dffd50c4d476dcf24157e5e9a1da3059"}
,"/Users/kanhakamboj/Desktop/Desktop/Projects/Forescout-bloging-app/src/custom-hooks/use-get-blogs.ts": {"path":"/Users/kanhakamboj/Desktop/Desktop/Projects/Forescout-bloging-app/src/custom-hooks/use-get-blogs.ts","statementMap":{"0":{"start":{"line":26,"column":27},"end":{"line":44,"column":1}},"1":{"start":{"line":31,"column":23},"end":{"line":31,"column":38}},"2":{"start":{"line":33,"column":39},"end":{"line":41,"column":5}},"3":{"start":{"line":35,"column":25},"end":{"line":35,"column":122}},"4":{"start":{"line":37,"column":8},"end":{"line":37,"column":34}},"5":{"start":{"line":39,"column":8},"end":{"line":39,"column":26}},"6":{"start":{"line":43,"column":4},"end":{"line":43,"column":45}}},"fnMap":{"0":{"name":"(anonymous_0)","decl":{"start":{"line":26,"column":27},"end":{"line":26,"column":28}},"loc":{"start":{"line":26,"column":55},"end":{"line":44,"column":1}},"line":26},"1":{"name":"(anonymous_1)","decl":{"start":{"line":33,"column":116},"end":{"line":33,"column":117}},"loc":{"start":{"line":33,"column":128},"end":{"line":40,"column":5}},"line":33}},"branchMap":{},"s":{"0":5,"1":3,"2":3,"3":2,"4":0,"5":0,"6":3},"f":{"0":3,"1":2},"b":{},"_coverageSchema":"1a1c01bbd47fc00a2c39e90264f33305004495a9","hash":"f88fafcd86485b9bc4b4b1ff4c18160556a669f2"}
,"/Users/kanhakamboj/Desktop/Desktop/Projects/Forescout-bloging-app/src/custom-hooks/use-get-single-blog.ts": {"path":"/Users/kanhakamboj/Desktop/Desktop/Projects/Forescout-bloging-app/src/custom-hooks/use-get-single-blog.ts","statementMap":{"0":{"start":{"line":23,"column":32},"end":{"line":34,"column":1}},"1":{"start":{"line":25,"column":39},"end":{"line":31,"column":5}},"2":{"start":{"line":27,"column":25},"end":{"line":27,"column":71}},"3":{"start":{"line":29,"column":8},"end":{"line":29,"column":20}},"4":{"start":{"line":33,"column":4},"end":{"line":33,"column":44}}},"fnMap":{"0":{"name":"(anonymous_0)","decl":{"start":{"line":23,"column":32},"end":{"line":23,"column":33}},"loc":{"start":{"line":23,"column":69},"end":{"line":34,"column":1}},"line":23},"1":{"name":"(anonymous_1)","decl":{"start":{"line":25,"column":67},"end":{"line":25,"column":68}},"loc":{"start":{"line":25,"column":79},"end":{"line":30,"column":5}},"line":25}},"branchMap":{},"s":{"0":5,"1":2,"2":1,"3":0,"4":2},"f":{"0":2,"1":1},"b":{},"_coverageSchema":"1a1c01bbd47fc00a2c39e90264f33305004495a9","hash":"2b94a919c8605dbb194c6eba142ebb5e28a148f4"}
,"/Users/kanhakamboj/Desktop/Desktop/Projects/Forescout-bloging-app/src/custom-hooks/use-get-user-data.ts": {"path":"/Users/kanhakamboj/Desktop/Desktop/Projects/Forescout-bloging-app/src/custom-hooks/use-get-user-data.ts","statementMap":{"0":{"start":{"line":22,"column":30},"end":{"line":36,"column":1}},"1":{"start":{"line":24,"column":39},"end":{"line":33,"column":5}},"2":{"start":{"line":26,"column":8},"end":{"line":29,"column":9}},"3":{"start":{"line":27,"column":29},"end":{"line":27,"column":85}},"4":{"start":{"line":28,"column":12},"end":{"line":28,"column":24}},"5":{"start":{"line":31,"column":8},"end":{"line":31,"column":20}},"6":{"start":{"line":35,"column":4},"end":{"line":35,"column":48}}},"fnMap":{"0":{"name":"(anonymous_0)","decl":{"start":{"line":22,"column":30},"end":{"line":22,"column":31}},"loc":{"start":{"line":22,"column":77},"end":{"line":36,"column":1}},"line":22},"1":{"name":"(anonymous_1)","decl":{"start":{"line":24,"column":67},"end":{"line":24,"column":68}},"loc":{"start":{"line":24,"column":79},"end":{"line":32,"column":5}},"line":24}},"branchMap":{"0":{"loc":{"start":{"line":26,"column":8},"end":{"line":29,"column":9}},"type":"if","locations":[{"start":{"line":26,"column":8},"end":{"line":29,"column":9}},{"start":{},"end":{}}],"line":26}},"s":{"0":4,"1":2,"2":1,"3":0,"4":0,"5":1,"6":2},"f":{"0":2,"1":1},"b":{"0":[0,1]},"_coverageSchema":"1a1c01bbd47fc00a2c39e90264f33305004495a9","hash":"7f48a3455f2ab0a7f76277a28d3e4415a2940cec"}
,"/Users/kanhakamboj/Desktop/Desktop/Projects/Forescout-bloging-app/src/error-boundry/error-boundary.tsx": {"path":"/Users/kanhakamboj/Desktop/Desktop/Projects/Forescout-bloging-app/src/error-boundry/error-boundary.tsx","statementMap":{"0":{"start":{"line":5,"column":8},"end":{"line":5,"column":21}},"1":{"start":{"line":6,"column":8},"end":{"line":6,"column":41}},"2":{"start":{"line":11,"column":8},"end":{"line":11,"column":34}},"3":{"start":{"line":16,"column":8},"end":{"line":16,"column":38}},"4":{"start":{"line":20,"column":8},"end":{"line":23,"column":9}},"5":{"start":{"line":22,"column":12},"end":{"line":22,"column":50}},"6":{"start":{"line":25,"column":8},"end":{"line":25,"column":35}}},"fnMap":{"0":{"name":"(anonymous_0)","decl":{"start":{"line":4,"column":4},"end":{"line":4,"column":5}},"loc":{"start":{"line":4,"column":28},"end":{"line":7,"column":5}},"line":4},"1":{"name":"(anonymous_1)","decl":{"start":{"line":9,"column":4},"end":{"line":9,"column":5}},"loc":{"start":{"line":9,"column":48},"end":{"line":12,"column":5}},"line":9},"2":{"name":"(anonymous_2)","decl":{"start":{"line":14,"column":4},"end":{"line":14,"column":5}},"loc":{"start":{"line":14,"column":50},"end":{"line":17,"column":5}},"line":14},"3":{"name":"(anonymous_3)","decl":{"start":{"line":19,"column":4},"end":{"line":19,"column":5}},"loc":{"start":{"line":19,"column":13},"end":{"line":26,"column":5}},"line":19}},"branchMap":{"0":{"loc":{"start":{"line":20,"column":8},"end":{"line":23,"column":9}},"type":"if","locations":[{"start":{"line":20,"column":8},"end":{"line":23,"column":9}},{"start":{},"end":{}}],"line":20}},"s":{"0":4,"1":3,"2":2,"3":1,"4":5,"5":2,"6":3},"f":{"0":4,"1":2,"2":1,"3":5},"b":{"0":[2,3]},"_coverageSchema":"1a1c01bbd47fc00a2c39e90264f33305004495a9","hash":"2e859998098b882a8413ed50edaa5298cfd070bd"}
,"/Users/kanhakamboj/Desktop/Desktop/Projects/Forescout-bloging-app/src/helpers/helper.ts": {"path":"/Users/kanhakamboj/Desktop/Desktop/Projects/Forescout-bloging-app/src/helpers/helper.ts","statementMap":{"0":{"start":{"line":6,"column":24},"end":{"line":16,"column":1}},"1":{"start":{"line":8,"column":4},"end":{"line":10,"column":5}},"2":{"start":{"line":9,"column":8},"end":{"line":9,"column":29}},"3":{"start":{"line":12,"column":4},"end":{"line":15,"column":6}},"4":{"start":{"line":13,"column":8},"end":{"line":13,"column":55}},"5":{"start":{"line":13,"column":35},"end":{"line":13,"column":48}}},"fnMap":{"0":{"name":"(anonymous_0)","decl":{"start":{"line":6,"column":24},"end":{"line":6,"column":25}},"loc":{"start":{"line":6,"column":60},"end":{"line":16,"column":1}},"line":6},"1":{"name":"(anonymous_1)","decl":{"start":{"line":12,"column":23},"end":{"line":12,"column":24}},"loc":{"start":{"line":12,"column":34},"end":{"line":14,"column":5}},"line":12},"2":{"name":"(anonymous_2)","decl":{"start":{"line":13,"column":29},"end":{"line":13,"column":30}},"loc":{"start":{"line":13,"column":35},"end":{"line":13,"column":48}},"line":13}},"branchMap":{"0":{"loc":{"start":{"line":8,"column":4},"end":{"line":10,"column":5}},"type":"if","locations":[{"start":{"line":8,"column":4},"end":{"line":10,"column":5}},{"start":{},"end":{}}],"line":8}},"s":{"0":7,"1":4,"2":0,"3":4,"4":4,"5":1},"f":{"0":4,"1":4,"2":1},"b":{"0":[0,4]},"_coverageSchema":"1a1c01bbd47fc00a2c39e90264f33305004495a9","hash":"34d019ca1f0dbfe50366abc451f2d8d2974043f1"}
,"/Users/kanhakamboj/Desktop/Desktop/Projects/Forescout-bloging-app/src/pages/index.ts": {"path":"/Users/kanhakamboj/Desktop/Desktop/Projects/Forescout-bloging-app/src/pages/index.ts","statementMap":{},"fnMap":{},"branchMap":{},"s":{},"f":{},"b":{},"_coverageSchema":"1a1c01bbd47fc00a2c39e90264f33305004495a9","hash":"6408ccd0d2557648d38e9b01335221caf582536f"}
,"/Users/kanhakamboj/Desktop/Desktop/Projects/Forescout-bloging-app/src/pages/blog-details/blog-details-page.tsx": {"path":"/Users/kanhakamboj/Desktop/Desktop/Projects/Forescout-bloging-app/src/pages/blog-details/blog-details-page.tsx","statementMap":{"0":{"start":{"line":8,"column":35},"end":{"line":13,"column":1}},"1":{"start":{"line":10,"column":4},"end":{"line":12,"column":14}}},"fnMap":{"0":{"name":"(anonymous_0)","decl":{"start":{"line":8,"column":35},"end":{"line":8,"column":36}},"loc":{"start":{"line":8,"column":55},"end":{"line":13,"column":1}},"line":8}},"branchMap":{},"s":{"0":2,"1":2},"f":{"0":2},"b":{},"_coverageSchema":"1a1c01bbd47fc00a2c39e90264f33305004495a9","hash":"45a6dae7040ed923c5a55a01e0fd05ea95942a55"}
,"/Users/kanhakamboj/Desktop/Desktop/Projects/Forescout-bloging-app/src/pages/home/home-page.tsx": {"path":"/Users/kanhakamboj/Desktop/Desktop/Projects/Forescout-bloging-app/src/pages/home/home-page.tsx","statementMap":{"0":{"start":{"line":11,"column":24},"end":{"line":23,"column":1}},"1":{"start":{"line":12,"column":27},"end":{"line":12,"column":42}},"2":{"start":{"line":15,"column":29},"end":{"line":15,"column":71}},"3":{"start":{"line":15,"column":36},"end":{"line":15,"column":70}},"4":{"start":{"line":17,"column":4},"end":{"line":22,"column":11}}},"fnMap":{"0":{"name":"(anonymous_0)","decl":{"start":{"line":11,"column":24},"end":{"line":11,"column":25}},"loc":{"start":{"line":11,"column":44},"end":{"line":23,"column":1}},"line":11},"1":{"name":"(anonymous_1)","decl":{"start":{"line":15,"column":29},"end":{"line":15,"column":30}},"loc":{"start":{"line":15,"column":36},"end":{"line":15,"column":70}},"line":15}},"branchMap":{"0":{"loc":{"start":{"line":20,"column":13},"end":{"line":20,"column":106}},"type":"binary-expr","locations":[{"start":{"line":20,"column":13},"end":{"line":20,"column":31}},{"start":{"line":20,"column":35},"end":{"line":20,"column":106}}],"line":20}},"s":{"0":2,"1":2,"2":2,"3":2,"4":2},"f":{"0":2,"1":2},"b":{"0":[2,0]},"_coverageSchema":"1a1c01bbd47fc00a2c39e90264f33305004495a9","hash":"49f1e60cf34f1458604fcb1c852ca9dbf36e458d"}
,"/Users/kanhakamboj/Desktop/Desktop/Projects/Forescout-bloging-app/src/pages/home/style.ts": {"path":"/Users/kanhakamboj/Desktop/Desktop/Projects/Forescout-bloging-app/src/pages/home/style.ts","statementMap":{"0":{"start":{"line":3,"column":42},"end":{"line":10,"column":1}}},"fnMap":{},"branchMap":{},"s":{"0":2},"f":{},"b":{},"_coverageSchema":"1a1c01bbd47fc00a2c39e90264f33305004495a9","hash":"dea1e599b97d0e705fa3b002347cd52015026b87"}
,"/Users/kanhakamboj/Desktop/Desktop/Projects/Forescout-bloging-app/src/react-query/query-client.ts": {"path":"/Users/kanhakamboj/Desktop/Desktop/Projects/Forescout-bloging-app/src/react-query/query-client.ts","statementMap":{"0":{"start":{"line":4,"column":22},"end":{"line":8,"column":2}}},"fnMap":{},"branchMap":{},"s":{"0":11},"f":{},"b":{},"_coverageSchema":"1a1c01bbd47fc00a2c39e90264f33305004495a9","hash":"eb7a38e90b4f76e82c2f2cfda2fcea6c4bad656d"}
,"/Users/kanhakamboj/Desktop/Desktop/Projects/Forescout-bloging-app/src/router/router.tsx": {"path":"/Users/kanhakamboj/Desktop/Desktop/Projects/Forescout-bloging-app/src/router/router.tsx","statementMap":{"0":{"start":{"line":5,"column":22},"end":{"line":14,"column":2}}},"fnMap":{},"branchMap":{},"s":{"0":1},"f":{},"b":{},"_coverageSchema":"1a1c01bbd47fc00a2c39e90264f33305004495a9","hash":"80cb4ca09b56e7726b33254dfba695f602312e06"}
,"/Users/kanhakamboj/Desktop/Desktop/Projects/Forescout-bloging-app/src/store/context.tsx": {"path":"/Users/kanhakamboj/Desktop/Desktop/Projects/Forescout-bloging-app/src/store/context.tsx","statementMap":{"0":{"start":{"line":8,"column":28},"end":{"line":8,"column":59}},"1":{"start":{"line":14,"column":43},"end":{"line":39,"column":1}},"2":{"start":{"line":16,"column":38},"end":{"line":16,"column":57}},"3":{"start":{"line":17,"column":40},"end":{"line":17,"column":59}},"4":{"start":{"line":19,"column":54},"end":{"line":19,"column":73}},"5":{"start":{"line":20,"column":56},"end":{"line":20,"column":75}},"6":{"start":{"line":22,"column":40},"end":{"line":22,"column":60}},"7":{"start":{"line":24,"column":4},"end":{"line":38,"column":28}},"8":{"start":{"line":42,"column":29},"end":{"line":42,"column":59}},"9":{"start":{"line":42,"column":35},"end":{"line":42,"column":59}}},"fnMap":{"0":{"name":"(anonymous_0)","decl":{"start":{"line":14,"column":43},"end":{"line":14,"column":44}},"loc":{"start":{"line":14,"column":75},"end":{"line":39,"column":1}},"line":14},"1":{"name":"(anonymous_1)","decl":{"start":{"line":42,"column":29},"end":{"line":42,"column":30}},"loc":{"start":{"line":42,"column":35},"end":{"line":42,"column":59}},"line":42}},"branchMap":{},"s":{"0":11,"1":11,"2":18,"3":18,"4":18,"5":18,"6":18,"7":18,"8":11,"9":15},"f":{"0":18,"1":15},"b":{},"_coverageSchema":"1a1c01bbd47fc00a2c39e90264f33305004495a9","hash":"4e7143cb21e2be9f8cddc3bf01cce03967475c60"}
,"/Users/kanhakamboj/Desktop/Desktop/Projects/Forescout-bloging-app/src/test-utils/test-wrapper.tsx": {"path":"/Users/kanhakamboj/Desktop/Desktop/Projects/Forescout-bloging-app/src/test-utils/test-wrapper.tsx","statementMap":{"0":{"start":{"line":15,"column":49},"end":{"line":22,"column":27}},"1":{"start":{"line":16,"column":4},"end":{"line":22,"column":26}}},"fnMap":{"0":{"name":"(anonymous_0)","decl":{"start":{"line":15,"column":49},"end":{"line":15,"column":50}},"loc":{"start":{"line":16,"column":4},"end":{"line":22,"column":26}},"line":16}},"branchMap":{},"s":{"0":10,"1":17},"f":{"0":17},"b":{},"_coverageSchema":"1a1c01bbd47fc00a2c39e90264f33305004495a9","hash":"11c1490fd5eb9305524256144e2733021616e155"}
}
