TN:
SF:src/App.tsx
FN:5,App
FNF:1
FNH:1
FNDA:1,App
DA:6,1
LF:1
LH:1
BRF:0
BRH:0
end_of_record
TN:
SF:src/config.ts
FNF:0
FNH:0
LF:0
LH:0
BRF:0
BRH:0
end_of_record
TN:
SF:src/react-app-env.d.ts
FNF:0
FNH:0
LF:0
LH:0
BRF:0
BRH:0
end_of_record
TN:
SF:src/api/axios-api.ts
FNF:0
FNH:0
LF:0
LH:0
BRF:0
BRH:0
end_of_record
TN:
SF:src/components/index.ts
FNF:0
FNH:0
LF:0
LH:0
BRF:0
BRH:0
end_of_record
TN:
SF:src/components/blogs/add-new-comments.tsx
FN:17,(anonymous_0)
FN:21,(anonymous_1)
FN:31,(anonymous_2)
FNF:3
FNH:3
FNDA:3,(anonymous_0)
FNDA:2,(anonymous_1)
FNDA:1,(anonymous_2)
DA:17,5
DA:19,3
DA:21,3
DA:24,2
DA:26,0
DA:28,0
DA:31,3
DA:32,1
DA:34,1
DA:35,1
DA:36,1
DA:40,0
DA:43,0
DA:45,0
DA:50,3
LF:15
LH:10
BRDA:34,0,0,1
BRDA:34,0,1,0
BRF:2
BRH:1
end_of_record
TN:
SF:src/components/blogs/blog-comment.tsx
FN:15,(anonymous_0)
FNF:1
FNH:1
FNDA:2,(anonymous_0)
DA:15,6
DA:17,2
LF:2
LH:2
BRF:0
BRH:0
end_of_record
TN:
SF:src/components/blogs/blog-comments.tsx
FN:16,(anonymous_0)
FN:24,(anonymous_1)
FNF:2
FNH:1
FNDA:3,(anonymous_0)
FNDA:0,(anonymous_1)
DA:16,5
DA:18,3
DA:21,3
DA:23,3
DA:24,0
LF:5
LH:4
BRDA:24,0,0,0
BRDA:24,0,1,3
BRF:2
BRH:1
end_of_record
TN:
SF:src/components/blogs/blog-details.tsx
FN:35,(anonymous_0)
FN:51,(anonymous_1)
FN:51,(anonymous_2)
FNF:3
FNH:1
FNDA:4,(anonymous_0)
FNDA:0,(anonymous_1)
FNDA:0,(anonymous_2)
DA:35,4
DA:37,4
DA:40,3
DA:43,3
DA:46,3
DA:49,3
DA:51,3
DA:53,3
LF:8
LH:8
BRDA:81,0,0,3
BRDA:81,0,1,2
BRDA:82,1,0,3
BRDA:82,1,1,0
BRDA:86,2,0,3
BRDA:86,2,1,0
BRF:6
BRH:4
end_of_record
TN:
SF:src/components/blogs/blogs-list.tsx
FN:23,(anonymous_0)
FN:30,(anonymous_1)
FN:37,(anonymous_2)
FN:45,(anonymous_3)
FN:52,(anonymous_4)
FNF:5
FNH:5
FNDA:5,(anonymous_0)
FNDA:1,(anonymous_1)
FNDA:3,(anonymous_2)
FNDA:1,(anonymous_3)
FNDA:6,(anonymous_4)
DA:23,4
DA:24,5
DA:27,5
DA:30,5
DA:31,1
DA:34,5
DA:37,3
DA:45,1
DA:52,6
LF:9
LH:9
BRDA:37,0,0,5
BRDA:37,0,1,2
BRF:2
BRH:2
end_of_record
TN:
SF:src/components/blogs/common-types.ts
FNF:0
FNH:0
LF:0
LH:0
BRF:0
BRH:0
end_of_record
TN:
SF:src/components/blogs/style.ts
FNF:0
FNH:0
DA:3,7
DA:11,7
DA:21,7
DA:37,7
DA:45,7
DA:53,7
DA:61,7
DA:69,7
DA:74,7
DA:79,7
DA:84,7
DA:91,7
DA:96,7
DA:100,7
DA:105,7
DA:110,7
DA:114,7
DA:121,7
LF:18
LH:18
BRF:0
BRH:0
end_of_record
TN:
SF:src/components/blogs/tests/fixture/mock-data.ts
FNF:0
FNH:0
DA:1,2
DA:11,2
DA:20,2
LF:3
LH:3
BRF:0
BRH:0
end_of_record
TN:
SF:src/components/header/header.tsx
FN:10,(anonymous_0)
FN:14,(anonymous_1)
FNF:2
FNH:2
FNDA:3,(anonymous_0)
FNDA:1,(anonymous_1)
DA:10,4
DA:11,3
DA:14,3
DA:17,1
DA:19,0
DA:22,0
DA:26,3
LF:7
LH:5
BRF:0
BRH:0
end_of_record
TN:
SF:src/components/header/style.ts
FNF:0
FNH:0
DA:3,6
DA:12,6
DA:20,6
DA:27,6
LF:4
LH:4
BRF:0
BRH:0
end_of_record
TN:
SF:src/components/shared-comonents/index.ts
FNF:0
FNH:0
LF:0
LH:0
BRF:0
BRH:0
end_of_record
TN:
SF:src/components/shared-comonents/handle-loading-empty-error-state/handle-loading-empty-error-state.tsx
FN:21,(anonymous_0)
FNF:1
FNH:1
FNDA:9,(anonymous_0)
DA:21,8
DA:27,9
DA:29,6
DA:30,0
DA:33,6
DA:34,0
DA:37,6
LF:7
LH:5
BRDA:27,0,0,3
BRDA:27,0,1,6
BRDA:29,1,0,0
BRDA:29,1,1,6
BRDA:33,2,0,0
BRDA:33,2,1,6
BRF:6
BRH:4
end_of_record
TN:
SF:src/components/shared-comonents/pagination/pagination.tsx
FN:17,(anonymous_0)
FN:28,(anonymous_1)
FNF:2
FNH:1
FNDA:2,(anonymous_0)
FNDA:0,(anonymous_1)
DA:17,8
DA:19,2
DA:22,2
DA:25,2
DA:28,2
DA:29,0
DA:31,0
DA:34,2
LF:8
LH:6
BRDA:22,0,0,2
BRDA:22,0,1,0
BRDA:31,1,0,0
BRDA:31,1,1,0
BRF:4
BRH:1
end_of_record
TN:
SF:src/components/shared-comonents/pagination/style.ts
FNF:0
FNH:0
DA:3,8
LF:1
LH:1
BRF:0
BRH:0
end_of_record
TN:
SF:src/components/shared-comonents/styled-components/button/button.ts
FN:7,(anonymous_0)
FNF:1
FNH:1
FNDA:8,(anonymous_0)
DA:6,7
DA:7,8
LF:2
LH:2
BRF:0
BRH:0
end_of_record
TN:
SF:src/components/shared-comonents/styled-components/card/card.tsx
FN:12,(anonymous_0)
FN:13,(anonymous_1)
FN:14,(anonymous_2)
FN:17,(anonymous_3)
FN:22,(anonymous_4)
FNF:5
FNH:5
FNDA:14,(anonymous_0)
FNDA:14,(anonymous_1)
FNDA:14,(anonymous_2)
FNDA:14,(anonymous_3)
FNDA:14,(anonymous_4)
DA:11,7
DA:12,14
DA:13,14
DA:14,14
DA:17,14
DA:22,14
LF:6
LH:6
BRDA:17,0,0,0
BRDA:17,0,1,14
BRF:2
BRH:1
end_of_record
TN:
SF:src/components/shared-comonents/styled-components/empty-or-error/empty-or-error.ts
FN:8,(anonymous_0)
FN:10,(anonymous_1)
FNF:2
FNH:2
FNDA:3,(anonymous_0)
FNDA:3,(anonymous_1)
DA:7,8
DA:8,3
DA:10,3
LF:3
LH:3
BRDA:8,0,0,3
BRDA:8,0,1,0
BRDA:10,1,0,3
BRDA:10,1,1,0
BRF:4
BRH:2
end_of_record
TN:
SF:src/components/shared-comonents/styled-components/loding/loading.ts
FNF:0
FNH:0
DA:3,8
LF:1
LH:1
BRF:0
BRH:0
end_of_record
TN:
SF:src/custom-hooks/index.ts
FNF:0
FNH:0
LF:0
LH:0
BRF:0
BRH:0
end_of_record
TN:
SF:src/custom-hooks/use-get-blog-comments.ts
FN:35,(anonymous_0)
FN:39,(anonymous_1)
FNF:2
FNH:2
FNDA:3,(anonymous_0)
FNDA:1,(anonymous_1)
DA:35,6
DA:37,3
DA:39,3
DA:41,1
DA:43,0
DA:45,0
DA:49,3
LF:7
LH:5
BRF:0
BRH:0
end_of_record
TN:
SF:src/custom-hooks/use-get-blogs.ts
FN:26,(anonymous_0)
FN:33,(anonymous_1)
FNF:2
FNH:2
FNDA:3,(anonymous_0)
FNDA:2,(anonymous_1)
DA:26,5
DA:31,3
DA:33,3
DA:35,2
DA:37,0
DA:39,0
DA:43,3
LF:7
LH:5
BRF:0
BRH:0
end_of_record
TN:
SF:src/custom-hooks/use-get-single-blog.ts
FN:23,(anonymous_0)
FN:25,(anonymous_1)
FNF:2
FNH:2
FNDA:2,(anonymous_0)
FNDA:1,(anonymous_1)
DA:23,5
DA:25,2
DA:27,1
DA:29,0
DA:33,2
LF:5
LH:4
BRF:0
BRH:0
end_of_record
TN:
SF:src/custom-hooks/use-get-user-data.ts
FN:22,(anonymous_0)
FN:24,(anonymous_1)
FNF:2
FNH:2
FNDA:2,(anonymous_0)
FNDA:1,(anonymous_1)
DA:22,4
DA:24,2
DA:26,1
DA:27,0
DA:28,0
DA:31,1
DA:35,2
LF:7
LH:5
BRDA:26,0,0,0
BRDA:26,0,1,1
BRF:2
BRH:1
end_of_record
TN:
SF:src/error-boundry/error-boundary.tsx
FN:4,(anonymous_0)
FN:9,(anonymous_1)
FN:14,(anonymous_2)
FN:19,(anonymous_3)
FNF:4
FNH:4
FNDA:4,(anonymous_0)
FNDA:2,(anonymous_1)
FNDA:1,(anonymous_2)
FNDA:5,(anonymous_3)
DA:5,4
DA:6,3
DA:11,2
DA:16,1
DA:20,5
DA:22,2
DA:25,3
LF:7
LH:7
BRDA:20,0,0,2
BRDA:20,0,1,3
BRF:2
BRH:2
end_of_record
TN:
SF:src/helpers/helper.ts
FN:6,(anonymous_0)
FN:12,(anonymous_1)
FN:13,(anonymous_2)
FNF:3
FNH:3
FNDA:4,(anonymous_0)
FNDA:4,(anonymous_1)
FNDA:1,(anonymous_2)
DA:6,7
DA:8,4
DA:9,0
DA:12,4
DA:13,4
LF:5
LH:4
BRDA:8,0,0,0
BRDA:8,0,1,4
BRF:2
BRH:1
end_of_record
TN:
SF:src/pages/index.ts
FNF:0
FNH:0
LF:0
LH:0
BRF:0
BRH:0
end_of_record
TN:
SF:src/pages/blog-details/blog-details-page.tsx
FN:8,(anonymous_0)
FNF:1
FNH:1
FNDA:2,(anonymous_0)
DA:8,2
DA:10,2
LF:2
LH:2
BRF:0
BRH:0
end_of_record
TN:
SF:src/pages/home/home-page.tsx
FN:11,(anonymous_0)
FN:15,(anonymous_1)
FNF:2
FNH:2
FNDA:2,(anonymous_0)
FNDA:2,(anonymous_1)
DA:11,2
DA:12,2
DA:15,2
DA:17,2
LF:4
LH:4
BRDA:20,0,0,2
BRDA:20,0,1,0
BRF:2
BRH:1
end_of_record
TN:
SF:src/pages/home/style.ts
FNF:0
FNH:0
DA:3,2
LF:1
LH:1
BRF:0
BRH:0
end_of_record
TN:
SF:src/react-query/query-client.ts
FNF:0
FNH:0
DA:4,11
LF:1
LH:1
BRF:0
BRH:0
end_of_record
TN:
SF:src/router/router.tsx
FNF:0
FNH:0
DA:5,1
LF:1
LH:1
BRF:0
BRH:0
end_of_record
TN:
SF:src/store/context.tsx
FN:14,(anonymous_0)
FN:42,(anonymous_1)
FNF:2
FNH:2
FNDA:18,(anonymous_0)
FNDA:15,(anonymous_1)
DA:8,11
DA:14,11
DA:16,18
DA:17,18
DA:19,18
DA:20,18
DA:22,18
DA:24,18
DA:42,15
LF:9
LH:9
BRF:0
BRH:0
end_of_record
TN:
SF:src/test-utils/test-wrapper.tsx
FN:15,(anonymous_0)
FNF:1
FNH:1
FNDA:17,(anonymous_0)
DA:15,10
DA:16,17
LF:2
LH:2
BRF:0
BRH:0
end_of_record
